INFO:root:
Simulation started at: 2022-09-22 18:57:11.422461

INFO:root:

FILES
	Sequence: paper_example/HBV_NC003977.gb
	Configuration: paper_example/1_gene_HBV.yaml
	Phylo Tree: paper_example/100_tree.newick
	Alignment: paper_example/1gene_HBV.fa

PARAMETERS: 
	Pi: {'A': 0.25, 'C': 0.25, 'G': 0.25, 'T': 0.25}
	Global rate: 0.05
	Kappa: 0.3
	Number of nucleotide classification classes: 2
	Nucleotide classification shape parameter: 1.0
	Rates classification values: {'mu1': 0.2615782918648644, 'mu2': 1.3871429788350027}

INFO:root:
	Valid ORFs: [[[1815, 2454]]]
	Total ORFs: 1

	Orf Map: {'+0': [{'coords': [[1815, 2454]], 'omega_shape': 1.5, 'omega_classes': 2, 'omega_values': [0.24416368216471415, 0.9558363178137649], 'orf_map': array([1])}], '+1': [], '+2': [], '-0': [], '-1': [], '-2': []}

INFO:root:
	OVERLAPS:

INFO:root:
	Simulation Ended at: 2022-09-22 18:57:36.500414
	Simulation lasted: 0:00:25.077953 seconds
----------------------------------------------------------

INFO:root:
Simulation started at: 2022-09-22 19:09:38.404679

INFO:root:

FILES
	Sequence: paper_example/HBV_NC003977.gb
	Configuration: paper_example/1_gene_HBV.yaml
	Phylo Tree: paper_example/100_tree.newick
	Alignment: paper_example/1gene_HBV.fa

PARAMETERS: 
	Pi: {'A': 0.25, 'C': 0.25, 'G': 0.25, 'T': 0.25}
	Global rate: 0.05
	Kappa: 0.3
	Number of nucleotide classification classes: 2
	Nucleotide classification shape parameter: 1.0
	Rates classification values: {'mu1': 0.2615782918648644, 'mu2': 1.3871429788350027}

INFO:root:
	Valid ORFs: [[[1815, 2454]]]
	Total ORFs: 1

	Orf Map: {'+0': [{'coords': [[1815, 2454]], 'omega_shape': 1.5, 'omega_classes': 2, 'omega_values': [0.24416368216471415, 0.9558363178137649], 'orf_map': array([1])}], '+1': [], '+2': [], '-0': [], '-1': [], '-2': []}

INFO:root:
	OVERLAPS:

INFO:root:
	Simulation Ended at: 2022-09-22 19:10:04.517378
	Simulation lasted: 0:00:26.112699 seconds
----------------------------------------------------------

INFO:root:
Simulation started at: 2022-09-22 19:13:08.719804

INFO:root:

FILES
	Sequence: paper_example/HBV_NC003977.gb
	Configuration: paper_example/1_gene_HBV.yaml
	Phylo Tree: paper_example/100_tree.newick
	Alignment: paper_example/1gene_HBV.fa

PARAMETERS: 
	Pi: {'A': 0.25, 'C': 0.25, 'G': 0.25, 'T': 0.25}
	Global rate: 0.05
	Kappa: 0.3
	Number of nucleotide classification classes: 2
	Nucleotide classification shape parameter: 1.0
	Rates classification values: {'mu1': 0.2615782918648644, 'mu2': 1.3871429788350027}

INFO:root:
	Valid ORFs: [[[1815, 2454]]]
	Total ORFs: 1

	Orf Map: {'+0': [{'coords': [[1815, 2454]], 'omega_shape': 1.0, 'omega_classes': 4, 'omega_values': [0.05478151305786287, 0.190700742494181, 0.3999999999999998, 0.9545177444479566], 'orf_map': array([1])}], '+1': [], '+2': [], '-0': [], '-1': [], '-2': []}

INFO:root:
	OVERLAPS:

INFO:root:
	Simulation Ended at: 2022-09-22 19:13:33.879419
	Simulation lasted: 0:00:25.159615 seconds
----------------------------------------------------------

