INFO:root:
Simulation started at: 2022-09-29 18:18:23.227397

INFO:root:

FILES
	Sequence: paper_example/HBV_NC003977.gb
	Configuration: paper_example/conf_complete_HBV.yaml
	Phylo Tree: paper_example/100_tree.newick
	Alignment: paper_example/complete_HBV.hexse.fa

PARAMETERS: 
	Pi: {'A': 0.25, 'C': 0.25, 'G': 0.25, 'T': 0.25}
	Global rate: 0.05
	Kappa: 0.3
	Number of nucleotide classification classes: 2
	Nucleotide classification shape parameter: 1.0
	Rates classification values: {'mu1': 0.2615782918648644, 'mu2': 1.3871429788350027}

INFO:root:
	Valid ORFs: [[[1375, 1840]], [[2308, 3182], [0, 1625]], [[2849, 3182], [0, 837]], [[1815, 2454]]]
	Total ORFs: 4

	Orf Map: {'+0': [{'coords': [[1375, 1840]], 'omega_shape': 1.5, 'omega_classes': 5, 'omega_values': [0.11355787594057443, 0.28563496606388417, 0.47595127509121704, 0.74137416016263, 1.383481722705885], 'orf_map': array([1, 0, 0, 0])}, {'coords': [[2308, 3182], [0, 1625]], 'omega_shape': 2, 'omega_classes': 2, 'omega_values': [0.37931535691266643, 1.2206846430881086], 'orf_map': array([0, 0, 1, 0])}], '+1': [{'coords': [[2849, 3182], [0, 837]], 'omega_shape': 1.2, 'omega_classes': 3, 'omega_values': [0.11098924219663184, 0.36293140817456776, 0.9660793495713997], 'orf_map': array([0, 0, 0, 1])}], '+2': [{'coords': [[1815, 2454]], 'omega_shape': 1.0, 'omega_classes': 4, 'omega_values': [0.05478151305786287, 0.190700742494181, 0.3999999999999998, 0.9545177444479566], 'orf_map': array([0, 1, 0, 0])}], '-0': [], '-1': [], '-2': []}

INFO:root:
	OVERLAPS:
	251 nts overlap between [2308, 3182, 0, 1625] and [1375, 1840]
	838 nts overlap between [2849, 3182, 0, 837] and [2308, 3182, 0, 1625]
	26 nts overlap between [1815, 2454] and [1375, 1840]
	147 nts overlap between [1815, 2454] and [2308, 3182, 0, 1625]

INFO:root:
	Simulation Ended at: 2022-09-29 18:19:10.195178
	Simulation lasted: 0:00:46.967781 seconds
----------------------------------------------------------

